🚀 开始导入求志书院数据...

📖 读取课题库CSV...
  找到 2510 条课题库数据

📚 读取课艺库CSV...
  找到 206 条课艺库数据

📊 总计 2716 条数据

🔄 开始导入...

  批次 1/28 (1-100)... ✗ 失败: 未授权
  批次 2/28 (101-200)... ✗ 失败: 未授权
  批次 3/28 (201-300)... ✗ 失败: 未授权
  批次 4/28 (301-400)... ✗ 失败: 未授权
  批次 5/28 (401-500)... ✗ 失败: 未授权
  批次 6/28 (501-600)... ✗ 失败: 未授权
  批次 7/28 (601-700)... ✗ 失败: 未授权
  批次 8/28 (701-800)... ✗ 失败: 未授权
  批次 9/28 (801-900)... ✗ 失败: 未授权
  批次 10/28 (901-1000)... ✗ 失败: 未授权
  批次 11/28 (1001-1100)... ✗ 失败: 未授权
  批次 12/28 (1101-1200)... ✗ 失败: 未授权
  批次 13/28 (1201-1300)... ✗ 失败: 未授权
  批次 14/28 (1301-1400)... ✗ 失败: 未授权
  批次 15/28 (1401-1500)... ✗ 失败: 未授权
  批次 16/28 (1501-1600)... ✗ 失败: 未授权
  批次 17/28 (1601-1700)... ✗ 失败: 未授权
  批次 18/28 (1701-1800)... ✗ 失败: 未授权
  批次 19/28 (1801-1900)... ✗ 失败: 未授权
  批次 20/28 (1901-2000)... ✗ 失败: 未授权
  批次 21/28 (2001-2100)... ✗ 失败: 未授权
  批次 22/28 (2101-2200)... ✗ 失败: 未授权
  批次 23/28 (2201-2300)... ✗ 失败: 未授权
  批次 24/28 (2301-2400)... ✗ 失败: 未授权
  批次 25/28 (2401-2500)... ✗ 失败: 未授权
  批次 26/28 (2501-2600)... ✗ 失败: 未授权
  批次 27/28 (2601-2700)... ✗ 失败: 未授权
  批次 28/28 (2701-2716)... ✗ 失败: 未授权

=== 导入完成 ===
✅ 成功: 0 条
❌ 失败: 2716 条
📈 成功率: 0.00%
